autoscan: warning: missing AC_CHECK_FUNCS([gethostname]) wanted by: 
	src/lfd/lockdaemon.c:820
autoscan: warning: missing AC_CHECK_FUNCS([gettimeofday]) wanted by: 
	src/SerialImp.c:281
	src/SerialImp.c:2973
	src/SerialImp.h:298
	src/SerialImp.h:307
	src/SerialImp.h:312
	src/SerialImp.h:317
	src/SerialImp.h:324
	src/SerialImp.h:333
	src/SerialImp.h:338
	src/SerialImp.h:343
	CNI/SerialImp.c:192
	CNI/SerialImp.c:201
	CNI/SerialImp.c:206
	CNI/SerialImp.c:211
	CNI/SerialImp.c:277
	CNI/SerialImp.c:2838
	CNI/SerialImp.h:282
	CNI/SerialImp.h:286
	CNI/SerialImp.h:294
	CNI/SerialImp.h:303
	CNI/SerialImp.h:308
	CNI/SerialImp.h:313
autoscan: warning: missing AC_CHECK_FUNCS([memset]) wanted by: 
	Rewrite2010/src/c/include/JNI_Support.cpp:82
	WinCE/rxtxHelpers.cpp:476
	src/SerialImp.c:4065
	src/termios.c:799
	src/termios.c:900
	src/termios.c:901
	src/termios.c:902
	src/termios.c:1047
	src/termios.c:1052
	src/termios.c:1057
	src/termios.c:1061
	src/termios.c:2843
	src/termios.c:2869
	CNI/SerialImp.c:3697
autoscan: warning: missing AC_CHECK_FUNCS([select]) wanted by: 
	src/RS485Imp.c:866
	src/RS485Imp.c:1099
	src/SerialImp.cpp:1033
	src/SerialImp.cpp:1404
autoscan: warning: missing AC_CHECK_FUNCS([socket]) wanted by: 
	src/SerialImp.c:5138
	src/SerialImp.c:5182
	CNI/SerialImp.c:4636
	CNI/SerialImp.c:4680
autoscan: warning: missing AC_CHECK_FUNCS([strdup]) wanted by: 
	src/psmisc/fuser.c:253
	CNI/fuserImp.c:260
autoscan: warning: missing AC_CHECK_FUNCS([strerror]) wanted by: 
	src/SerialImp.c:699
	src/SerialImp.c:1483
	src/SerialImp.c:1582
	src/SerialImp.c:1623
	src/SerialImp.c:1684
	src/SerialImp.c:1710
	src/SerialImp.c:2054
	src/SerialImp.c:2058
	src/SerialImp.c:2092
	src/SerialImp.c:2096
	src/SerialImp.c:2138
	src/SerialImp.c:2142
	src/SerialImp.c:2177
	src/SerialImp.c:2181
	src/SerialImp.c:2365
	src/SerialImp.c:2382
	src/SerialImp.c:2925
	src/SerialImp.c:2960
	src/SerialImp.c:3279
	src/SerialImp.c:3434
	src/SerialImp.c:3489
	src/SerialImp.c:3569
	src/SerialImp.c:3647
	src/SerialImp.c:5261
	src/SerialImp.c:5321
	src/SerialImp.c:5332
	src/SerialImp.c:5430
	src/SerialImp.c:5438
	src/SerialImp.c:5667
	src/SerialImp.c:5905
	src/SerialImp.c:5913
	src/RS485Imp.c:199
	src/RS485Imp.c:255
	src/RS485Imp.c:460
	src/RS485Imp.c:529
	src/RS485Imp.c:559
	src/RS485Imp.c:597
	src/RS485Imp.c:620
	src/RS485Imp.c:901
	src/RS485Imp.c:924
	src/RS485Imp.c:968
	src/RS485Imp.c:995
	src/RS485Imp.c:1043
	src/SerialImp.cpp:194
	src/SerialImp.cpp:214
	src/SerialImp.cpp:224
	src/SerialImp.cpp:294
	src/SerialImp.cpp:498
	src/SerialImp.cpp:541
	src/SerialImp.cpp:579
	src/SerialImp.cpp:634
	src/SerialImp.cpp:666
	src/SerialImp.cpp:1078
	src/SerialImp.cpp:1109
	src/SerialImp.cpp:1115
	src/SerialImp.cpp:1177
	src/SerialImp.cpp:1261
	src/SerialImp.cpp:1270
	src/SerialImp.cpp:1279
	src/SerialImp.cpp:1288
	src/SerialImp.cpp:1297
	src/lfd/lockdaemon.c:150
	CNI/SerialImp.c:590
	CNI/SerialImp.c:1275
	CNI/SerialImp.c:1310
	CNI/SerialImp.c:1367
	CNI/SerialImp.c:1409
	CNI/SerialImp.c:1453
	CNI/SerialImp.c:1513
	CNI/SerialImp.c:1538
	CNI/SerialImp.c:1876
	CNI/SerialImp.c:1908
	CNI/SerialImp.c:1948
	CNI/SerialImp.c:1981
	CNI/SerialImp.c:2176
	CNI/SerialImp.c:2192
	CNI/SerialImp.c:2787
	CNI/SerialImp.c:2824
	CNI/SerialImp.c:3014
	CNI/SerialImp.c:3167
	CNI/SerialImp.c:3215
	CNI/SerialImp.c:3281
	CNI/SerialImp.c:4757
	CNI/SerialImp.c:5087
autoscan: warning: missing AC_CHECK_FUNCS([strncasecmp]) wanted by: 
	src/lfd/lockdaemon.c:735
	src/lfd/lockdaemon.c:741
	src/lfd/lockdaemon.c:769
autoscan: warning: missing AC_CHECK_FUNCS([strrchr]) wanted by: 
	Rewrite2010/src/c/windows/W32_Support.cpp:177
autoscan: warning: missing AC_CHECK_FUNCS([strstr]) wanted by: 
	src/SerialImp.cpp:201
autoscan: warning: missing AC_CHECK_FUNCS([uname]) wanted by: 
	src/SerialImp.c:285
	src/RS485Imp.c:132
	src/SerialImp.cpp:145
	CNI/SerialImp.c:281
autoscan: warning: missing AC_CHECK_HEADERS([arpa/inet.h]) wanted by: 
	src/SerialImp.c:115
	src/lfd/lockdaemon.c:68
	CNI/SerialImp.c:117
autoscan: warning: missing AC_CHECK_HEADERS([limits.h]) wanted by: 
	src/SerialImp.c:74
	src/SerialImp.cpp:71
	CNI/SerialImp.c:75
autoscan: warning: missing AC_CHECK_HEADERS([malloc.h]) wanted by: 
	src/termios.c:80
autoscan: warning: missing AC_CHECK_HEADERS([netdb.h]) wanted by: 
	src/lfd/lockdaemon.c:64
autoscan: warning: missing AC_CHECK_HEADERS([netinet/in.h]) wanted by: 
	src/SerialImp.c:114
	CNI/SerialImp.c:116
autoscan: warning: missing AC_CHECK_HEADERS([sys/ioctl.h]) wanted by: 
	src/SerialImp.c:78
	src/RS485Imp.c:71
	src/SerialImp.cpp:73
	CNI/SerialImp.c:78
autoscan: warning: missing AC_CHECK_HEADERS([sys/param.h]) wanted by: 
	src/SerialImp.c:79
	src/RS485Imp.c:72
	src/SerialImp.cpp:74
	CNI/SerialImp.c:79
autoscan: warning: missing AC_CHECK_HEADERS([sys/socket.h]) wanted by: 
	src/SerialImp.c:113
	src/lfd/lockdaemon.c:63
	CNI/SerialImp.c:115
autoscan: warning: missing AC_CHECK_HEADERS([syslog.h]) wanted by: 
	src/lfd/lockdaemon.c:62
autoscan: warning: missing AC_CHECK_MEMBERS([struct stat.st_rdev]) wanted by: 
	src/SerialImp.c:5413
	src/SerialImp.c:5414
	src/SerialImp.c:5545
	src/SerialImp.c:5546
	src/SerialImp.c:5846
	src/SerialImp.c:5847
	src/SerialImp.c:5890
	src/SerialImp.c:5891
	src/lfd/lockdaemon.c:236
	src/lfd/lockdaemon.c:237
	src/lfd/lockdaemon.c:385
	src/lfd/lockdaemon.c:386
	src/lfd/lockdaemon.c:621
	src/lfd/lockdaemon.c:622
	src/lfd/lockdaemon.c:660
	src/lfd/lockdaemon.c:661
	CNI/SerialImp.c:4841
	CNI/SerialImp.c:4842
	CNI/SerialImp.c:4965
	CNI/SerialImp.c:4966
	CNI/SerialImp.c:5265
	CNI/SerialImp.c:5266
	CNI/SerialImp.c:5309
	CNI/SerialImp.c:5310
autoscan: warning: missing AC_C_INLINE wanted by: 
	Rewrite2010/src/c/windows/W32_ParallelPort.cpp:315
	Rewrite2010/src/c/windows/W32_SerialPort.cpp:460
	Rewrite2010/src/c/windows/W32_Classes.h:99
	Rewrite2010/src/c/windows/W32_Classes.h:157
	src/termios.c:3392
	src/termios.c:3401
autoscan: warning: missing AC_FUNC_FORK wanted by: 
	src/lfd/lockdaemon.c:707
autoscan: warning: missing AC_FUNC_GETGROUPS wanted by: 
	src/SerialImp.c:5695
	src/lfd/lockdaemon.c:482
	CNI/SerialImp.c:5116
autoscan: warning: missing AC_FUNC_LSTAT_FOLLOWS_SLASHED_SYMLINK wanted by: 
	src/psmisc/fuser.c:119
	CNI/fuserImp.c:126
autoscan: warning: missing AC_FUNC_MALLOC wanted by: 
	WinCE/rxtxHelpers.cpp:175
	WinCE/rxtxHelpers.cpp:472
	src/SerialImp.c:1982
	src/SerialImp.c:5135
	src/SerialImp.c:5179
	src/RS485Imp.c:480
	src/RS485Imp.c:957
	src/termios.c:1044
	src/termios.c:1049
	src/termios.c:1054
	src/termios.c:1058
	src/termios.c:2837
	src/termios.c:2863
	src/SerialImp.cpp:527
	src/SerialImp.cpp:1166
	src/psmisc/fuser.c:106
	src/psmisc/fuser.c:247
	src/lfd/lockdaemon.c:816
	src/lfd/lockdaemon.c:819
	CNI/SerialImp.c:1814
	CNI/SerialImp.c:4633
	CNI/SerialImp.c:4677
	CNI/fuserImp.c:113
	CNI/fuserImp.c:254
autoscan: warning: missing AC_HEADER_MAJOR wanted by: 
	src/SerialImp.c:124
	CNI/SerialImp.c:126
	src/SerialImp.c:5412
	src/SerialImp.c:5413
	src/SerialImp.c:5544
	src/SerialImp.c:5545
	src/SerialImp.c:5845
	src/SerialImp.c:5846
	src/SerialImp.c:5889
	src/SerialImp.c:5890
	src/lfd/lockdaemon.c:235
	src/lfd/lockdaemon.c:236
	src/lfd/lockdaemon.c:384
	src/lfd/lockdaemon.c:385
	src/lfd/lockdaemon.c:620
	src/lfd/lockdaemon.c:621
	src/lfd/lockdaemon.c:659
	src/lfd/lockdaemon.c:660
	CNI/SerialImp.c:4840
	CNI/SerialImp.c:4841
	CNI/SerialImp.c:4964
	CNI/SerialImp.c:4965
	CNI/SerialImp.c:5264
	CNI/SerialImp.c:5265
	CNI/SerialImp.c:5308
	CNI/SerialImp.c:5309
	src/SerialImp.c:5414
	src/SerialImp.c:5546
	src/SerialImp.c:5847
	src/SerialImp.c:5891
	src/lfd/lockdaemon.c:237
	src/lfd/lockdaemon.c:386
	src/lfd/lockdaemon.c:622
	src/lfd/lockdaemon.c:661
	CNI/SerialImp.c:4842
	CNI/SerialImp.c:4966
	CNI/SerialImp.c:5266
	CNI/SerialImp.c:5310
autoscan: warning: missing AC_HEADER_STDBOOL wanted by: 
	Rewrite2010/src/c/include/RXTX_Loopbacks.cpp:119
	Rewrite2010/src/c/include/RXTX_Loopbacks.cpp:124
	Rewrite2010/src/c/include/RXTX_Loopbacks.cpp:129
	Rewrite2010/src/c/include/RXTX_Loopbacks.cpp:205
	Rewrite2010/src/c/include/RXTX_Loopbacks.cpp:210
	Rewrite2010/src/c/include/RXTX_Loopbacks.cpp:215
	Rewrite2010/src/c/include/RXTX_Loopbacks.cpp:220
	Rewrite2010/src/c/include/RXTX_Loopbacks.cpp:225
	Rewrite2010/src/c/include/RXTX_Loopbacks.cpp:298
	Rewrite2010/src/c/include/RXTX_Loopbacks.cpp:303
	Rewrite2010/src/c/include/RXTX_Loopbacks.cpp:308
	Rewrite2010/src/c/include/RXTX_Loopbacks.cpp:399
	Rewrite2010/src/c/include/RXTX_Loopbacks.cpp:404
	Rewrite2010/src/c/include/RXTX_Loopbacks.cpp:409
	Rewrite2010/src/c/include/RXTX_Loopbacks.cpp:414
	Rewrite2010/src/c/include/RXTX_Loopbacks.cpp:419
	Rewrite2010/src/c/include/RXTX_Loopbacks.cpp:424
	Rewrite2010/src/c/include/RXTX_Loopbacks.cpp:429
	Rewrite2010/src/c/include/RXTX_Loopbacks.cpp:434
	Rewrite2010/src/c/include/RXTX_Loopbacks.cpp:439
	Rewrite2010/src/c/include/RXTX_Loopbacks.cpp:444
	Rewrite2010/src/c/include/RXTX_Loopbacks.cpp:453
	Rewrite2010/src/c/include/RXTX_Loopbacks.cpp:463
	Rewrite2010/src/c/include/RXTX_Classes.h:136
	Rewrite2010/src/c/include/RXTX_Classes.h:139
	Rewrite2010/src/c/include/RXTX_Classes.h:185
	Rewrite2010/src/c/include/RXTX_Classes.h:188
	Rewrite2010/src/c/include/RXTX_Classes.h:191
	Rewrite2010/src/c/include/RXTX_Classes.h:194
	Rewrite2010/src/c/include/RXTX_Classes.h:197
	Rewrite2010/src/c/include/RXTX_Classes.h:200
	Rewrite2010/src/c/include/RXTX_Classes.h:289
	Rewrite2010/src/c/include/RXTX_Classes.h:292
	Rewrite2010/src/c/include/RXTX_Classes.h:295
	Rewrite2010/src/c/include/RXTX_Classes.h:298
	Rewrite2010/src/c/include/RXTX_Classes.h:301
	Rewrite2010/src/c/include/RXTX_Classes.h:304
	Rewrite2010/src/c/include/RXTX_Classes.h:307
	Rewrite2010/src/c/include/RXTX_Classes.h:310
	Rewrite2010/src/c/include/RXTX_Classes.h:313
	Rewrite2010/src/c/include/RXTX_Classes.h:316
	Rewrite2010/src/c/include/RXTX_Classes.h:319
	Rewrite2010/src/c/include/RXTX_Classes.h:325
	Rewrite2010/src/c/include/RXTX_Classes.h:331
	Rewrite2010/src/c/include/RXTX_Loopbacks.h:83
	Rewrite2010/src/c/include/RXTX_Loopbacks.h:84
	Rewrite2010/src/c/include/RXTX_Loopbacks.h:85
	Rewrite2010/src/c/include/RXTX_Loopbacks.h:86
	Rewrite2010/src/c/include/RXTX_Loopbacks.h:87
	Rewrite2010/src/c/include/RXTX_Loopbacks.h:88
	Rewrite2010/src/c/include/RXTX_Loopbacks.h:89
	Rewrite2010/src/c/include/RXTX_Loopbacks.h:90
	Rewrite2010/src/c/include/RXTX_Loopbacks.h:128
	Rewrite2010/src/c/include/RXTX_Loopbacks.h:129
	Rewrite2010/src/c/include/RXTX_Loopbacks.h:130
	Rewrite2010/src/c/include/RXTX_Loopbacks.h:131
	Rewrite2010/src/c/include/RXTX_Loopbacks.h:132
	Rewrite2010/src/c/include/RXTX_Loopbacks.h:133
	Rewrite2010/src/c/include/RXTX_Loopbacks.h:134
	Rewrite2010/src/c/include/RXTX_Loopbacks.h:135
	Rewrite2010/src/c/include/RXTX_Loopbacks.h:136
	Rewrite2010/src/c/include/RXTX_Loopbacks.h:137
	Rewrite2010/src/c/include/RXTX_Loopbacks.h:138
	Rewrite2010/src/c/include/RXTX_Loopbacks.h:139
	Rewrite2010/src/c/include/RXTX_Loopbacks.h:140
	Rewrite2010/src/c/include/RXTX_Loopbacks.h:143
	Rewrite2010/src/c/include/RXTX_Loopbacks.h:147
	Rewrite2010/src/c/include/RXTX_Loopbacks.h:160
	Rewrite2010/src/c/include/RXTX_Loopbacks.h:161
	Rewrite2010/src/c/include/RXTX_Loopbacks.h:162
	Rewrite2010/src/c/include/RXTX_Loopbacks.h:163
	Rewrite2010/src/c/include/RXTX_Loopbacks.h:164
	Rewrite2010/src/c/include/RXTX_Loopbacks.h:165
	Rewrite2010/src/c/windows/W32_ParallelPort.cpp:159
	Rewrite2010/src/c/windows/W32_ParallelPort.cpp:201
	Rewrite2010/src/c/windows/W32_ParallelPort.cpp:207
	Rewrite2010/src/c/windows/W32_ParallelPort.cpp:213
	Rewrite2010/src/c/windows/W32_ParallelPort.cpp:245
	Rewrite2010/src/c/windows/W32_ParallelPort.cpp:251
	Rewrite2010/src/c/windows/W32_ParallelPort.cpp:257
	Rewrite2010/src/c/windows/W32_ParallelPort.cpp:267
	Rewrite2010/src/c/windows/W32_ParallelPort.cpp:273
	Rewrite2010/src/c/windows/W32_SerialPort.cpp:156
	Rewrite2010/src/c/windows/W32_SerialPort.cpp:198
	Rewrite2010/src/c/windows/W32_SerialPort.cpp:204
	Rewrite2010/src/c/windows/W32_SerialPort.cpp:210
	Rewrite2010/src/c/windows/W32_SerialPort.cpp:272
	Rewrite2010/src/c/windows/W32_SerialPort.cpp:281
	Rewrite2010/src/c/windows/W32_SerialPort.cpp:287
	Rewrite2010/src/c/windows/W32_SerialPort.cpp:293
	Rewrite2010/src/c/windows/W32_SerialPort.cpp:299
	Rewrite2010/src/c/windows/W32_SerialPort.cpp:305
	Rewrite2010/src/c/windows/W32_SerialPort.cpp:314
	Rewrite2010/src/c/windows/W32_SerialPort.cpp:323
	Rewrite2010/src/c/windows/W32_SerialPort.cpp:333
	Rewrite2010/src/c/windows/W32_SerialPort.cpp:342
	Rewrite2010/src/c/windows/W32_SerialPort.cpp:360
	Rewrite2010/src/c/windows/W32_SerialPort.cpp:409
	Rewrite2010/src/c/windows/W32_Classes.h:83
	Rewrite2010/src/c/windows/W32_Classes.h:84
	Rewrite2010/src/c/windows/W32_Classes.h:85
	Rewrite2010/src/c/windows/W32_Classes.h:86
	Rewrite2010/src/c/windows/W32_Classes.h:87
	Rewrite2010/src/c/windows/W32_Classes.h:88
	Rewrite2010/src/c/windows/W32_Classes.h:89
	Rewrite2010/src/c/windows/W32_Classes.h:90
	Rewrite2010/src/c/windows/W32_Classes.h:104
	Rewrite2010/src/c/windows/W32_Classes.h:105
	Rewrite2010/src/c/windows/W32_Classes.h:134
	Rewrite2010/src/c/windows/W32_Classes.h:135
	Rewrite2010/src/c/windows/W32_Classes.h:136
	Rewrite2010/src/c/windows/W32_Classes.h:137
	Rewrite2010/src/c/windows/W32_Classes.h:138
	Rewrite2010/src/c/windows/W32_Classes.h:139
	Rewrite2010/src/c/windows/W32_Classes.h:140
	Rewrite2010/src/c/windows/W32_Classes.h:141
	Rewrite2010/src/c/windows/W32_Classes.h:142
	Rewrite2010/src/c/windows/W32_Classes.h:143
	Rewrite2010/src/c/windows/W32_Classes.h:144
	Rewrite2010/src/c/windows/W32_Classes.h:145
	Rewrite2010/src/c/windows/W32_Classes.h:146
	Rewrite2010/src/c/windows/W32_Classes.h:149
	Rewrite2010/src/c/windows/W32_Classes.h:153
	Rewrite2010/src/c/windows/W32_Classes.h:168
	Rewrite2010/src/c/windows/W32_Classes.h:169
	WinCE/rxtxHelpers.h:125
	WinCE/rxtxHelpers.h:130
	WinCE/rxtxHelpers.h:137
	Rewrite2010/src/c/include/RXTX_Loopbacks.cpp:131
	Rewrite2010/src/c/include/RXTX_Loopbacks.cpp:207
	Rewrite2010/src/c/include/RXTX_Loopbacks.cpp:212
	Rewrite2010/src/c/include/RXTX_Loopbacks.cpp:217
	Rewrite2010/src/c/include/RXTX_Loopbacks.cpp:227
	Rewrite2010/src/c/include/RXTX_Loopbacks.cpp:257
	Rewrite2010/src/c/include/RXTX_Loopbacks.cpp:258
	Rewrite2010/src/c/include/RXTX_Loopbacks.cpp:259
	Rewrite2010/src/c/include/RXTX_Loopbacks.cpp:260
	Rewrite2010/src/c/include/RXTX_Loopbacks.cpp:261
	Rewrite2010/src/c/include/RXTX_Loopbacks.cpp:262
	Rewrite2010/src/c/include/RXTX_Loopbacks.cpp:401
	Rewrite2010/src/c/include/RXTX_Loopbacks.cpp:406
	Rewrite2010/src/c/include/RXTX_Loopbacks.cpp:411
	Rewrite2010/src/c/include/RXTX_Loopbacks.cpp:416
	Rewrite2010/src/c/include/RXTX_Loopbacks.cpp:421
	Rewrite2010/src/c/include/RXTX_Loopbacks.cpp:426
	Rewrite2010/src/c/include/RXTX_Loopbacks.cpp:431
	Rewrite2010/src/c/include/RXTX_Loopbacks.cpp:436
	Rewrite2010/src/c/include/RXTX_Loopbacks.cpp:441
	Rewrite2010/src/c/include/RXTX_Loopbacks.cpp:446
	Rewrite2010/src/c/windows/W32_ParallelPort.cpp:127
	Rewrite2010/src/c/windows/W32_ParallelPort.cpp:128
	Rewrite2010/src/c/windows/W32_ParallelPort.cpp:159
	Rewrite2010/src/c/windows/W32_ParallelPort.cpp:216
	Rewrite2010/src/c/windows/W32_ParallelPort.cpp:276
	Rewrite2010/src/c/windows/W32_SerialPort.cpp:114
	Rewrite2010/src/c/windows/W32_SerialPort.cpp:115
	Rewrite2010/src/c/windows/W32_SerialPort.cpp:156
	Rewrite2010/src/c/windows/W32_SerialPort.cpp:284
	Rewrite2010/src/c/windows/W32_SerialPort.cpp:290
	Rewrite2010/src/c/windows/W32_SerialPort.cpp:296
	Rewrite2010/src/c/windows/W32_SerialPort.cpp:302
	WinCE/gnu_io_RXTXPort.cpp:1187
	src/SerialImp.cpp:220
	src/SerialImp.cpp:872
	src/SerialImp.cpp:908
	src/SerialImp.cpp:976
	CNI/SerialImp.c:1117
	CNI/SerialImp.c:1456
	CNI/SerialImp.c:1460
	CNI/SerialImp.c:1469
	CNI/SerialImp.c:1535
	CNI/SerialImp.c:1540
	CNI/SerialImp.c:1566
	CNI/SerialImp.c:1595
	CNI/SerialImp.c:1621
	CNI/SerialImp.c:1647
	CNI/SerialImp.c:1673
	CNI/SerialImp.c:1761
	CNI/SerialImp.c:1874
	CNI/SerialImp.c:1946
	CNI/SerialImp.c:2052
	CNI/SerialImp.c:2120
	CNI/SerialImp.c:2275
	CNI/SerialImp.c:2307
	CNI/SerialImp.c:2314
	CNI/SerialImp.c:2345
	CNI/SerialImp.c:2352
	CNI/SerialImp.c:2383
	CNI/SerialImp.c:2390
	CNI/SerialImp.c:2421
	CNI/SerialImp.c:2428
	CNI/SerialImp.c:2459
	CNI/SerialImp.c:2466
	CNI/SerialImp.c:2497
	CNI/SerialImp.c:2504
	CNI/SerialImp.c:2790
	CNI/SerialImp.c:2828
	CNI/SerialImp.c:3355
	CNI/SerialImp.c:3799
	CNI/SerialImp.c:3888
	CNI/SerialImp.c:3909
	CNI/SerialImp.c:3923
	CNI/SerialImp.c:3933
	CNI/SerialImp.c:3941
	CNI/SerialImp.c:3950
	CNI/SerialImp.c:3960
	CNI/SerialImp.c:4036
	CNI/SerialImp.c:4043
	CNI/SerialImp.c:4046
	CNI/SerialImp.c:4194
	CNI/SerialImp.c:4269
	CNI/SerialImp.c:4272
	CNI/SerialImp.c:4525
	Rewrite2010/src/c/include/RXTX_Loopbacks.cpp:121
	Rewrite2010/src/c/include/RXTX_Loopbacks.cpp:126
	Rewrite2010/src/c/include/RXTX_Loopbacks.cpp:222
	Rewrite2010/src/c/include/RXTX_Loopbacks.cpp:300
	Rewrite2010/src/c/include/RXTX_Loopbacks.cpp:305
	Rewrite2010/src/c/include/RXTX_Loopbacks.cpp:310
	Rewrite2010/src/c/include/RXTX_Classes.h:135
	Rewrite2010/src/c/include/RXTX_Classes.h:138
	Rewrite2010/src/c/include/RXTX_Classes.h:184
	Rewrite2010/src/c/include/RXTX_Classes.h:187
	Rewrite2010/src/c/include/RXTX_Classes.h:190
	Rewrite2010/src/c/include/RXTX_Classes.h:193
	Rewrite2010/src/c/include/RXTX_Classes.h:196
	Rewrite2010/src/c/include/RXTX_Classes.h:199
	Rewrite2010/src/c/include/RXTX_Classes.h:288
	Rewrite2010/src/c/include/RXTX_Classes.h:291
	Rewrite2010/src/c/include/RXTX_Classes.h:294
	Rewrite2010/src/c/include/RXTX_Classes.h:297
	Rewrite2010/src/c/include/RXTX_Classes.h:300
	Rewrite2010/src/c/include/RXTX_Classes.h:303
	Rewrite2010/src/c/include/RXTX_Classes.h:306
	Rewrite2010/src/c/include/RXTX_Classes.h:309
	Rewrite2010/src/c/include/RXTX_Classes.h:312
	Rewrite2010/src/c/include/RXTX_Classes.h:315
	Rewrite2010/src/c/include/RXTX_Classes.h:318
	Rewrite2010/src/c/windows/W32_ParallelPort.cpp:168
	Rewrite2010/src/c/windows/W32_ParallelPort.cpp:171
	Rewrite2010/src/c/windows/W32_ParallelPort.cpp:204
	Rewrite2010/src/c/windows/W32_ParallelPort.cpp:210
	Rewrite2010/src/c/windows/W32_ParallelPort.cpp:311
	Rewrite2010/src/c/windows/W32_ParallelPort.cpp:334
	Rewrite2010/src/c/windows/W32_SerialPort.cpp:165
	Rewrite2010/src/c/windows/W32_SerialPort.cpp:168
	Rewrite2010/src/c/windows/W32_SerialPort.cpp:201
	Rewrite2010/src/c/windows/W32_SerialPort.cpp:207
	Rewrite2010/src/c/windows/W32_SerialPort.cpp:213
	Rewrite2010/src/c/windows/W32_SerialPort.cpp:456
	Rewrite2010/src/c/windows/W32_SerialPort.cpp:498
	WinCE/rxtxHelpers.cpp:328
	src/SerialImp.cpp:868
	src/SerialImp.cpp:904
	src/SerialImp.cpp:972
	CNI/SerialImp.c:1448
	CNI/SerialImp.c:1535
	CNI/SerialImp.c:1565
	CNI/SerialImp.c:1594
	CNI/SerialImp.c:1620
	CNI/SerialImp.c:1646
	CNI/SerialImp.c:1672
	CNI/SerialImp.c:1697
	CNI/SerialImp.c:1729
	CNI/SerialImp.c:1760
	CNI/SerialImp.c:1784
	CNI/SerialImp.c:1872
	CNI/SerialImp.c:1878
	CNI/SerialImp.c:1938
	CNI/SerialImp.c:1944
	CNI/SerialImp.c:1950
	CNI/SerialImp.c:2037
	CNI/SerialImp.c:2049
	CNI/SerialImp.c:2105
	CNI/SerialImp.c:2117
	CNI/SerialImp.c:2260
	CNI/SerialImp.c:2272
	CNI/SerialImp.c:2313
	CNI/SerialImp.c:2351
	CNI/SerialImp.c:2389
	CNI/SerialImp.c:2427
	CNI/SerialImp.c:2465
	CNI/SerialImp.c:2503
	CNI/SerialImp.c:2779
	CNI/SerialImp.c:2822
	CNI/SerialImp.c:3855
	CNI/SerialImp.c:3886
	CNI/SerialImp.c:4202
	CNI/SerialImp.c:4265
	CNI/SerialImp.c:4274
	CNI/SerialImp.c:4287
	CNI/SerialImp.c:4516
	CNI/SerialImp.c:4525
	CNI/SerialImp.c:5423
	CNI/SerialImp.c:5427
	CNI/SerialImp.c:5431
	CNI/SerialImp.c:5435
	CNI/SerialImp.c:5439
autoscan: warning: missing AC_PROG_RANLIB wanted by: 
	ltmain.sh:6817
autoscan: warning: missing AC_TYPE_PID_T wanted by: 
	src/SerialImp.c:5922
	src/psmisc/fuser.c:62
	src/psmisc/fuser.c:88
	src/psmisc/fuser.c:125
	src/psmisc/fuser.c:148
	src/psmisc/fuser.c:180
	src/lfd/lockdaemon.c:437
	src/lfd/lockdaemon.c:678
	src/lfd/lockdaemon.c:705
	CNI/SerialImp.c:5325
	CNI/fuserImp.c:69
	CNI/fuserImp.c:95
	CNI/fuserImp.c:132
	CNI/fuserImp.c:155
	CNI/fuserImp.c:187
autoscan: warning: missing AC_TYPE_SIZE_T wanted by: 
	src/SerialImp.c:1411
	src/SerialImp.c:3472
	src/SerialImp.c:3474
	src/SerialImp.c:3474
	src/SerialImp.c:3549
	src/SerialImp.c:3551
	src/SerialImp.c:3551
	src/SerialImp.c:4989
	src/SerialImp.c:4990
	src/SerialImp.c:5012
	src/RS485Imp.c:951
	src/RS485Imp.c:951
	src/SerialImp.cpp:525
	src/SerialImp.h:471
autoscan: warning: missing AC_TYPE_SSIZE_T wanted by: 
	src/SerialImp.cpp:482
	src/SerialImp.cpp:487
	src/SerialImp.cpp:495
	src/SerialImp.cpp:1212
autoscan: warning: missing AC_TYPE_UID_T wanted by: 
	src/SerialImp.c:5687
	src/lfd/lockdaemon.c:474
	CNI/SerialImp.c:5108
