This file contains any messages produced by compilers while
running configure, to aid debugging if configure makes a mistake.

It was created by configure, which was
generated by GNU Autoconf 2.63.  Invocation command line was

  $ ./configure 

## --------- ##
## Platform. ##
## --------- ##

hostname = pdqbach
uname -m = i686
uname -r = 2.6.32.21-168.fc12.i686.PAE
uname -s = Linux
uname -v = #1 SMP Wed Sep 15 16:18:39 UTC 2010

/usr/bin/uname -p = unknown
/bin/uname -X     = unknown

/bin/arch              = i686
/usr/bin/arch -k       = unknown
/usr/convex/getsysinfo = unknown
/usr/bin/hostinfo      = unknown
/bin/machine           = unknown
/usr/bin/oslevel       = unknown
/bin/universe          = unknown

PATH: /usr/lib/qt-3.3/bin
PATH: /usr/kerberos/sbin
PATH: /usr/kerberos/bin
PATH: /usr/lib/ccache
PATH: /usr/local/bin
PATH: /usr/bin
PATH: /bin
PATH: /usr/local/sbin
PATH: /usr/sbin
PATH: /sbin
PATH: /home/dharms/bin


## ----------- ##
## Core tests. ##
## ----------- ##

configure:2119: checking build system type
configure:2137: result: i686-pc-linux-gnu
configure:2159: checking host system type
configure:2174: result: i686-pc-linux-gnu
configure:2196: checking target system type
configure:2211: result: i686-pc-linux-gnu
configure:2239: WARNING: Trying libtool.  If the following fails install libtool
configure:2289: checking for gcc
configure:2305: found /usr/lib/ccache/gcc
configure:2316: result: gcc
configure:2548: checking for C compiler version
configure:2556: gcc --version >&5
gcc (GCC) 4.4.4 20100630 (Red Hat 4.4.4-10)
Copyright (C) 2010 Free Software Foundation, Inc.
This is free software; see the source for copying conditions.  There is NO
warranty; not even for MERCHANTABILITY or FITNESS FOR A PARTICULAR PURPOSE.

configure:2560: $? = 0
configure:2567: gcc -v >&5
Using built-in specs.
Target: i686-redhat-linux
Configured with: ../configure --prefix=/usr --mandir=/usr/share/man --infodir=/usr/share/info --with-bugurl=http://bugzilla.redhat.com/bugzilla --enable-bootstrap --enable-shared --enable-threads=posix --enable-checking=release --with-system-zlib --enable-__cxa_atexit --disable-libunwind-exceptions --enable-gnu-unique-object --enable-languages=c,c++,objc,obj-c++,java,fortran,ada --enable-java-awt=gtk --disable-dssi --enable-plugin --with-java-home=/usr/lib/jvm/java-1.5.0-gcj-1.5.0.0/jre --enable-libgcj-multifile --enable-java-maintainer-mode --with-ecj-jar=/usr/share/java/eclipse-ecj.jar --disable-libjava-multilib --with-ppl --with-cloog --with-tune=generic --with-arch=i686 --build=i686-redhat-linux
Thread model: posix
gcc version 4.4.4 20100630 (Red Hat 4.4.4-10) (GCC) 
configure:2571: $? = 0
configure:2578: gcc -V >&5
gcc: '-V' option must have argument
configure:2582: $? = 1
configure:2605: checking for C compiler default output file name
configure:2627: gcc    conftest.c  >&5
configure:2631: $? = 0
configure:2669: result: a.out
configure:2688: checking whether the C compiler works
configure:2698: ./a.out
configure:2702: $? = 0
configure:2721: result: yes
configure:2728: checking whether we are cross compiling
configure:2730: result: no
configure:2733: checking for suffix of executables
configure:2740: gcc -o conftest    conftest.c  >&5
configure:2744: $? = 0
configure:2770: result: 
configure:2776: checking for suffix of object files
configure:2802: gcc -c   conftest.c >&5
configure:2806: $? = 0
configure:2831: result: o
configure:2835: checking whether we are using the GNU C compiler
configure:2864: gcc -c   conftest.c >&5
configure:2871: $? = 0
configure:2888: result: yes
configure:2897: checking whether gcc accepts -g
configure:2927: gcc -c -g  conftest.c >&5
configure:2934: $? = 0
configure:3035: result: yes
configure:3052: checking for gcc option to accept ISO C89
configure:3126: gcc  -c -g -O2  conftest.c >&5
configure:3133: $? = 0
configure:3156: result: none needed
configure:3248: checking for a sed that does not truncate output
configure:3302: result: /bin/sed
configure:3305: checking for grep that handles long lines and -e
configure:3365: result: /bin/grep
configure:3370: checking for egrep
configure:3434: result: /bin/grep -E
configure:3450: checking for ld used by gcc
configure:3517: result: /usr/bin/ld
configure:3526: checking if the linker (/usr/bin/ld) is GNU ld
configure:3541: result: yes
configure:3546: checking for /usr/bin/ld option to reload object files
configure:3553: result: -r
configure:3571: checking for BSD-compatible nm
configure:3613: result: /usr/bin/nm -B
configure:3617: checking whether ln -s works
configure:3621: result: yes
configure:3628: checking how to recognise dependent libraries
configure:3800: result: pass_all
configure:4015: checking how to run the C preprocessor
configure:4055: gcc -E  conftest.c
configure:4062: $? = 0
configure:4093: gcc -E  conftest.c
conftest.c:8:28: error: ac_nonexistent.h: No such file or directory
configure:4100: $? = 1
configure: failed program was:
| /* confdefs.h.  */
| #define PACKAGE_NAME ""
| #define PACKAGE_TARNAME ""
| #define PACKAGE_VERSION ""
| #define PACKAGE_STRING ""
| #define PACKAGE_BUGREPORT ""
| /* end confdefs.h.  */
| #include <ac_nonexistent.h>
configure:4133: result: gcc -E
configure:4162: gcc -E  conftest.c
configure:4169: $? = 0
configure:4200: gcc -E  conftest.c
conftest.c:8:28: error: ac_nonexistent.h: No such file or directory
configure:4207: $? = 1
configure: failed program was:
| /* confdefs.h.  */
| #define PACKAGE_NAME ""
| #define PACKAGE_TARNAME ""
| #define PACKAGE_VERSION ""
| #define PACKAGE_STRING ""
| #define PACKAGE_BUGREPORT ""
| /* end confdefs.h.  */
| #include <ac_nonexistent.h>
configure:4247: checking for ANSI C header files
configure:4277: gcc -c -g -O2  conftest.c >&5
configure:4284: $? = 0
configure:4383: gcc -o conftest -g -O2   conftest.c  >&5
configure:4387: $? = 0
configure:4393: ./conftest
configure:4397: $? = 0
configure:4415: result: yes
configure:4439: checking for sys/types.h
configure:4460: gcc -c -g -O2  conftest.c >&5
configure:4467: $? = 0
configure:4484: result: yes
configure:4439: checking for sys/stat.h
configure:4460: gcc -c -g -O2  conftest.c >&5
configure:4467: $? = 0
configure:4484: result: yes
configure:4439: checking for stdlib.h
configure:4460: gcc -c -g -O2  conftest.c >&5
configure:4467: $? = 0
configure:4484: result: yes
configure:4439: checking for string.h
configure:4460: gcc -c -g -O2  conftest.c >&5
configure:4467: $? = 0
configure:4484: result: yes
configure:4439: checking for memory.h
configure:4460: gcc -c -g -O2  conftest.c >&5
configure:4467: $? = 0
configure:4484: result: yes
configure:4439: checking for strings.h
configure:4460: gcc -c -g -O2  conftest.c >&5
configure:4467: $? = 0
configure:4484: result: yes
configure:4439: checking for inttypes.h
configure:4460: gcc -c -g -O2  conftest.c >&5
configure:4467: $? = 0
configure:4484: result: yes
configure:4439: checking for stdint.h
configure:4460: gcc -c -g -O2  conftest.c >&5
configure:4467: $? = 0
configure:4484: result: yes
configure:4439: checking for unistd.h
configure:4460: gcc -c -g -O2  conftest.c >&5
configure:4467: $? = 0
configure:4484: result: yes
configure:4514: checking dlfcn.h usability
configure:4531: gcc -c -g -O2  conftest.c >&5
configure:4538: $? = 0
configure:4552: result: yes
configure:4556: checking dlfcn.h presence
configure:4571: gcc -E  conftest.c
configure:4578: $? = 0
configure:4592: result: yes
configure:4620: checking for dlfcn.h
configure:4629: result: yes
configure:4702: checking for g++
configure:4718: found /usr/lib/ccache/g++
configure:4729: result: g++
configure:4756: checking for C++ compiler version
configure:4764: g++ --version >&5
g++ (GCC) 4.4.4 20100630 (Red Hat 4.4.4-10)
Copyright (C) 2010 Free Software Foundation, Inc.
This is free software; see the source for copying conditions.  There is NO
warranty; not even for MERCHANTABILITY or FITNESS FOR A PARTICULAR PURPOSE.

configure:4768: $? = 0
configure:4775: g++ -v >&5
Using built-in specs.
Target: i686-redhat-linux
Configured with: ../configure --prefix=/usr --mandir=/usr/share/man --infodir=/usr/share/info --with-bugurl=http://bugzilla.redhat.com/bugzilla --enable-bootstrap --enable-shared --enable-threads=posix --enable-checking=release --with-system-zlib --enable-__cxa_atexit --disable-libunwind-exceptions --enable-gnu-unique-object --enable-languages=c,c++,objc,obj-c++,java,fortran,ada --enable-java-awt=gtk --disable-dssi --enable-plugin --with-java-home=/usr/lib/jvm/java-1.5.0-gcj-1.5.0.0/jre --enable-libgcj-multifile --enable-java-maintainer-mode --with-ecj-jar=/usr/share/java/eclipse-ecj.jar --disable-libjava-multilib --with-ppl --with-cloog --with-tune=generic --with-arch=i686 --build=i686-redhat-linux
Thread model: posix
gcc version 4.4.4 20100630 (Red Hat 4.4.4-10) (GCC) 
configure:4779: $? = 0
configure:4786: g++ -V >&5
g++: '-V' option must have argument
configure:4790: $? = 1
configure:4793: checking whether we are using the GNU C++ compiler
configure:4822: g++ -c   conftest.cpp >&5
configure:4829: $? = 0
configure:4846: result: yes
configure:4855: checking whether g++ accepts -g
configure:4885: g++ -c -g  conftest.cpp >&5
configure:4892: $? = 0
configure:4993: result: yes
configure:5026: checking how to run the C++ preprocessor
configure:5062: g++ -E  conftest.cpp
configure:5069: $? = 0
configure:5100: g++ -E  conftest.cpp
conftest.cpp:19:28: error: ac_nonexistent.h: No such file or directory
configure:5107: $? = 1
configure: failed program was:
| /* confdefs.h.  */
| #define PACKAGE_NAME ""
| #define PACKAGE_TARNAME ""
| #define PACKAGE_VERSION ""
| #define PACKAGE_STRING ""
| #define PACKAGE_BUGREPORT ""
| #define STDC_HEADERS 1
| #define HAVE_SYS_TYPES_H 1
| #define HAVE_SYS_STAT_H 1
| #define HAVE_STDLIB_H 1
| #define HAVE_STRING_H 1
| #define HAVE_MEMORY_H 1
| #define HAVE_STRINGS_H 1
| #define HAVE_INTTYPES_H 1
| #define HAVE_STDINT_H 1
| #define HAVE_UNISTD_H 1
| #define HAVE_DLFCN_H 1
| /* end confdefs.h.  */
| #include <ac_nonexistent.h>
configure:5140: result: g++ -E
configure:5169: g++ -E  conftest.cpp
configure:5176: $? = 0
configure:5207: g++ -E  conftest.cpp
conftest.cpp:19:28: error: ac_nonexistent.h: No such file or directory
configure:5214: $? = 1
configure: failed program was:
| /* confdefs.h.  */
| #define PACKAGE_NAME ""
| #define PACKAGE_TARNAME ""
| #define PACKAGE_VERSION ""
| #define PACKAGE_STRING ""
| #define PACKAGE_BUGREPORT ""
| #define STDC_HEADERS 1
| #define HAVE_SYS_TYPES_H 1
| #define HAVE_SYS_STAT_H 1
| #define HAVE_STDLIB_H 1
| #define HAVE_STRING_H 1
| #define HAVE_MEMORY_H 1
| #define HAVE_STRINGS_H 1
| #define HAVE_INTTYPES_H 1
| #define HAVE_STDINT_H 1
| #define HAVE_UNISTD_H 1
| #define HAVE_DLFCN_H 1
| /* end confdefs.h.  */
| #include <ac_nonexistent.h>
configure:5309: checking for g77
configure:5339: result: no
configure:5309: checking for xlf
configure:5339: result: no
configure:5309: checking for f77
configure:5339: result: no
configure:5309: checking for frt
configure:5339: result: no
configure:5309: checking for pgf77
configure:5339: result: no
configure:5309: checking for cf77
configure:5339: result: no
configure:5309: checking for fort77
configure:5339: result: no
configure:5309: checking for fl32
configure:5339: result: no
configure:5309: checking for af77
configure:5339: result: no
configure:5309: checking for xlf90
configure:5339: result: no
configure:5309: checking for f90
configure:5339: result: no
configure:5309: checking for pgf90
configure:5339: result: no
configure:5309: checking for pghpf
configure:5339: result: no
configure:5309: checking for epcf90
configure:5339: result: no
configure:5309: checking for gfortran
configure:5325: found /usr/bin/gfortran
configure:5336: result: gfortran
configure:5362: checking for Fortran 77 compiler version
configure:5370: gfortran --version >&5
GNU Fortran (GCC) 4.4.4 20100630 (Red Hat 4.4.4-10)
Copyright (C) 2010 Free Software Foundation, Inc.

GNU Fortran comes with NO WARRANTY, to the extent permitted by law.
You may redistribute copies of GNU Fortran
under the terms of the GNU General Public License.
For more information about these matters, see the file named COPYING

configure:5374: $? = 0
configure:5381: gfortran -v >&5
Using built-in specs.
Target: i686-redhat-linux
Configured with: ../configure --prefix=/usr --mandir=/usr/share/man --infodir=/usr/share/info --with-bugurl=http://bugzilla.redhat.com/bugzilla --enable-bootstrap --enable-shared --enable-threads=posix --enable-checking=release --with-system-zlib --enable-__cxa_atexit --disable-libunwind-exceptions --enable-gnu-unique-object --enable-languages=c,c++,objc,obj-c++,java,fortran,ada --enable-java-awt=gtk --disable-dssi --enable-plugin --with-java-home=/usr/lib/jvm/java-1.5.0-gcj-1.5.0.0/jre --enable-libgcj-multifile --enable-java-maintainer-mode --with-ecj-jar=/usr/share/java/eclipse-ecj.jar --disable-libjava-multilib --with-ppl --with-cloog --with-tune=generic --with-arch=i686 --build=i686-redhat-linux
Thread model: posix
gcc version 4.4.4 20100630 (Red Hat 4.4.4-10) (GCC) 
configure:5385: $? = 0
configure:5392: gfortran -V >&5
gfortran: '-V' option must have argument
configure:5396: $? = 1
configure:5404: checking whether we are using the GNU Fortran 77 compiler
configure:5423: gfortran -c  conftest.F >&5
configure:5430: $? = 0
configure:5447: result: yes
configure:5453: checking whether gfortran accepts -g
configure:5470: gfortran -c -g conftest.f >&5
configure:5477: $? = 0
configure:5493: result: yes
configure:5527: checking the maximum length of command line arguments
configure:5619: result: 32768
configure:5630: checking command to parse /usr/bin/nm -B output from gcc object
configure:5726: gcc -c -g -O2  conftest.c >&5
configure:5729: $? = 0
configure:5733: /usr/bin/nm -B conftest.o \| sed -n -e 's/^.*[ 	]\([ABCDGIRSTW][ABCDGIRSTW]*\)[ 	][ 	]*\([_A-Za-z][_A-Za-z0-9]*\)$/\1 \2 \2/p' \> conftest.nm
configure:5736: $? = 0
configure:5788: gcc -o conftest -g -O2   conftest.c conftstm.o >&5
configure:5791: $? = 0
configure:5829: result: ok
configure:5833: checking for objdir
configure:5848: result: .libs
configure:5940: checking for ar
configure:5956: found /usr/bin/ar
configure:5967: result: ar
configure:6032: checking for ranlib
configure:6048: found /usr/bin/ranlib
configure:6059: result: ranlib
configure:6124: checking for strip
configure:6140: found /usr/bin/strip
configure:6151: result: strip
configure:6448: checking if gcc static flag  works
configure:6476: result: yes
configure:6498: checking if gcc supports -fno-rtti -fno-exceptions
configure:6516: gcc -c -g -O2  -fno-rtti -fno-exceptions conftest.c >&5
cc1: warning: command line option "-fno-rtti" is valid for C++/ObjC++ but not for C
configure:6520: $? = 0
configure:6533: result: no
configure:6548: checking for gcc option to produce PIC
configure:6752: result: -fPIC
configure:6760: checking if gcc PIC flag -fPIC works
configure:6778: gcc -c -g -O2  -fPIC -DPIC conftest.c >&5
configure:6782: $? = 0
configure:6795: result: yes
configure:6819: checking if gcc supports -c -o file.o
configure:6840: gcc -c -g -O2  -o out/conftest2.o conftest.c >&5
configure:6844: $? = 0
configure:6866: result: yes
configure:6892: checking whether the gcc linker (/usr/bin/ld) supports shared libraries
configure:7792: result: yes
configure:7818: checking whether -lc should be explicitly linked in
configure:7823: gcc -c -g -O2  conftest.c >&5
configure:7826: $? = 0
configure:7840: gcc -shared conftest.o  -v -Wl,-soname -Wl,conftest -o conftest 2\>\&1 \| grep  -lc  \>/dev/null 2\>\&1
configure:7843: $? = 0
configure:7855: result: no
configure:7863: checking dynamic linker characteristics
configure:8430: result: GNU/Linux ld.so
configure:8434: checking how to hardcode library paths into programs
configure:8459: result: immediate
configure:8473: checking whether stripping libraries is possible
configure:8478: result: yes
configure:9303: checking if libtool supports shared libraries
configure:9305: result: yes
configure:9308: checking whether to build shared libraries
configure:9329: result: yes
configure:9332: checking whether to build static libraries
configure:9336: result: no
configure:9428: creating libtool
configure:10006: checking for ld used by g++
configure:10073: result: /usr/bin/ld
configure:10082: checking if the linker (/usr/bin/ld) is GNU ld
configure:10097: result: yes
configure:10148: checking whether the g++ linker (/usr/bin/ld) supports shared libraries
configure:11039: result: yes
configure:11061: g++ -c -g -O2  conftest.cc >&5
configure:11064: $? = 0
configure:11160: checking for g++ option to produce PIC
configure:11428: result: -fPIC
configure:11436: checking if g++ PIC flag -fPIC works
configure:11454: g++ -c -g -O2  -fPIC -DPIC conftest.cc >&5
configure:11458: $? = 0
configure:11471: result: yes
configure:11495: checking if g++ supports -c -o file.o
configure:11516: g++ -c -g -O2  -o out/conftest2.o conftest.cc >&5
configure:11520: $? = 0
configure:11542: result: yes
configure:11568: checking whether the g++ linker (/usr/bin/ld) supports shared libraries
configure:11593: result: yes
configure:11664: checking dynamic linker characteristics
configure:12231: result: GNU/Linux ld.so
configure:12235: checking how to hardcode library paths into programs
configure:12260: result: immediate
configure:12274: checking whether stripping libraries is possible
configure:12279: result: yes
configure:13610: checking if libtool supports shared libraries
configure:13612: result: yes
configure:13615: checking whether to build shared libraries
configure:13635: result: yes
configure:13638: checking whether to build static libraries
configure:13642: result: no
configure:13654: checking for gfortran option to produce PIC
configure:13858: result: -fPIC
configure:13866: checking if gfortran PIC flag -fPIC works
configure:13884: gfortran -c -g -O2 -fPIC conftest.f >&5
configure:13888: $? = 0
configure:13901: result: yes
configure:13925: checking if gfortran supports -c -o file.o
configure:13946: gfortran -c -g -O2 -o out/conftest2.o conftest.f >&5
configure:13950: $? = 0
configure:13972: result: yes
configure:13998: checking whether the gfortran linker (/usr/bin/ld) supports shared libraries
configure:14878: result: yes
configure:14949: checking dynamic linker characteristics
configure:15516: result: GNU/Linux ld.so
configure:15520: checking how to hardcode library paths into programs
configure:15545: result: immediate
configure:15559: checking whether stripping libraries is possible
configure:15564: result: yes
configure:19844: checking for a BSD-compatible install
configure:19912: result: /usr/bin/install -c
configure:19923: checking whether build environment is sane
configure:19983: result: yes
configure:20124: checking for a thread-safe mkdir -p
configure:20163: result: /bin/mkdir -p
configure:20176: checking for gawk
configure:20192: found /usr/bin/gawk
configure:20203: result: gawk
configure:20214: checking whether make sets $(MAKE)
configure:20236: result: yes
configure:20266: checking for style of include used by make
configure:20294: result: GNU
configure:20381: checking dependency style of gcc
configure:20491: result: none
configure:20508: checking dependency style of g++
configure:20618: result: none
configure:20650: checking fcntl.h usability
configure:20667: gcc -c -g -O2  conftest.c >&5
configure:20674: $? = 0
configure:20688: result: yes
configure:20692: checking fcntl.h presence
configure:20707: gcc -E  conftest.c
configure:20714: $? = 0
configure:20728: result: yes
configure:20756: checking for fcntl.h
configure:20765: result: yes
configure:20796: checking sys/fcntl.h usability
configure:20813: gcc -c -g -O2  conftest.c >&5
configure:20820: $? = 0
configure:20834: result: yes
configure:20838: checking sys/fcntl.h presence
configure:20853: gcc -E  conftest.c
configure:20860: $? = 0
configure:20874: result: yes
configure:20902: checking for sys/fcntl.h
configure:20911: result: yes
configure:20942: checking sys/file.h usability
configure:20959: gcc -c -g -O2  conftest.c >&5
configure:20966: $? = 0
configure:20980: result: yes
configure:20984: checking sys/file.h presence
configure:20999: gcc -E  conftest.c
configure:21006: $? = 0
configure:21020: result: yes
configure:21048: checking for sys/file.h
configure:21057: result: yes
configure:21088: checking sys/time.h usability
configure:21105: gcc -c -g -O2  conftest.c >&5
configure:21112: $? = 0
configure:21126: result: yes
configure:21130: checking sys/time.h presence
configure:21145: gcc -E  conftest.c
configure:21152: $? = 0
configure:21166: result: yes
configure:21194: checking for sys/time.h
configure:21203: result: yes
configure:21234: checking sys/signal.h usability
configure:21251: gcc -c -g -O2  conftest.c >&5
configure:21258: $? = 0
configure:21272: result: yes
configure:21276: checking sys/signal.h presence
configure:21291: gcc -E  conftest.c
configure:21298: $? = 0
configure:21312: result: yes
configure:21340: checking for sys/signal.h
configure:21349: result: yes
configure:21380: checking signal.h usability
configure:21397: gcc -c -g -O2  conftest.c >&5
configure:21404: $? = 0
configure:21418: result: yes
configure:21422: checking signal.h presence
configure:21437: gcc -E  conftest.c
configure:21444: $? = 0
configure:21458: result: yes
configure:21486: checking for signal.h
configure:21495: result: yes
configure:21526: checking termios.h usability
configure:21543: gcc -c -g -O2  conftest.c >&5
configure:21550: $? = 0
configure:21564: result: yes
configure:21568: checking termios.h presence
configure:21583: gcc -E  conftest.c
configure:21590: $? = 0
configure:21604: result: yes
configure:21632: checking for termios.h
configure:21641: result: yes
configure:21672: checking grp.h usability
configure:21689: gcc -c -g -O2  conftest.c >&5
configure:21696: $? = 0
configure:21710: result: yes
configure:21714: checking grp.h presence
configure:21729: gcc -E  conftest.c
configure:21736: $? = 0
configure:21750: result: yes
configure:21778: checking for grp.h
configure:21787: result: yes
configure:21818: checking pwd.h usability
configure:21835: gcc -c -g -O2  conftest.c >&5
configure:21842: $? = 0
configure:21856: result: yes
configure:21860: checking pwd.h presence
configure:21875: gcc -E  conftest.c
configure:21882: $? = 0
configure:21896: result: yes
configure:21924: checking for pwd.h
configure:21933: result: yes
configure:21949: checking whether gcc needs -traditional
configure:21991: result: no
configure:22035: checking whether to enable maintainer-specific portions of Makefiles
configure:22044: result: no
configure:22142: checking for xcode-select
configure:22173: result: no
configure:23032: creating ./config.status

## ---------------------- ##
## Running config.status. ##
## ---------------------- ##

This file was extended by config.status, which was
generated by GNU Autoconf 2.63.  Invocation command line was

  CONFIG_FILES    = 
  CONFIG_HEADERS  = 
  CONFIG_LINKS    = 
  CONFIG_COMMANDS = 
  $ ./config.status 

on pdqbach

config.status:845: creating Makefile
config.status:845: creating config.h
config.status:1067: config.h is unchanged
config.status:1119: executing depfiles commands

## ---------------- ##
## Cache variables. ##
## ---------------- ##

ac_cv_build=i686-pc-linux-gnu
ac_cv_c_compiler_gnu=yes
ac_cv_cxx_compiler_gnu=yes
ac_cv_env_CCC_set=
ac_cv_env_CCC_value=
ac_cv_env_CC_set=
ac_cv_env_CC_value=
ac_cv_env_CFLAGS_set=
ac_cv_env_CFLAGS_value=
ac_cv_env_CPPFLAGS_set=
ac_cv_env_CPPFLAGS_value=
ac_cv_env_CPP_set=
ac_cv_env_CPP_value=
ac_cv_env_CXXCPP_set=
ac_cv_env_CXXCPP_value=
ac_cv_env_CXXFLAGS_set=
ac_cv_env_CXXFLAGS_value=
ac_cv_env_CXX_set=
ac_cv_env_CXX_value=
ac_cv_env_F77_set=
ac_cv_env_F77_value=
ac_cv_env_FFLAGS_set=
ac_cv_env_FFLAGS_value=
ac_cv_env_LDFLAGS_set=
ac_cv_env_LDFLAGS_value=
ac_cv_env_LIBS_set=
ac_cv_env_LIBS_value=
ac_cv_env_build_alias_set=
ac_cv_env_build_alias_value=
ac_cv_env_host_alias_set=
ac_cv_env_host_alias_value=
ac_cv_env_target_alias_set=
ac_cv_env_target_alias_value=
ac_cv_f77_compiler_gnu=yes
ac_cv_header_dlfcn_h=yes
ac_cv_header_fcntl_h=yes
ac_cv_header_grp_h=yes
ac_cv_header_inttypes_h=yes
ac_cv_header_memory_h=yes
ac_cv_header_pwd_h=yes
ac_cv_header_signal_h=yes
ac_cv_header_stdc=yes
ac_cv_header_stdint_h=yes
ac_cv_header_stdlib_h=yes
ac_cv_header_string_h=yes
ac_cv_header_strings_h=yes
ac_cv_header_sys_fcntl_h=yes
ac_cv_header_sys_file_h=yes
ac_cv_header_sys_signal_h=yes
ac_cv_header_sys_stat_h=yes
ac_cv_header_sys_time_h=yes
ac_cv_header_sys_types_h=yes
ac_cv_header_termios_h=yes
ac_cv_header_unistd_h=yes
ac_cv_host=i686-pc-linux-gnu
ac_cv_objext=o
ac_cv_path_EGREP='/bin/grep -E'
ac_cv_path_GREP=/bin/grep
ac_cv_path_XCODE_SELECT=no
ac_cv_path_install='/usr/bin/install -c'
ac_cv_path_mkdir=/bin/mkdir
ac_cv_prog_AWK=gawk
ac_cv_prog_CPP='gcc -E'
ac_cv_prog_CXXCPP='g++ -E'
ac_cv_prog_ac_ct_AR=ar
ac_cv_prog_ac_ct_CC=gcc
ac_cv_prog_ac_ct_CXX=g++
ac_cv_prog_ac_ct_F77=gfortran
ac_cv_prog_ac_ct_RANLIB=ranlib
ac_cv_prog_ac_ct_STRIP=strip
ac_cv_prog_cc_c89=
ac_cv_prog_cc_g=yes
ac_cv_prog_cxx_g=yes
ac_cv_prog_f77_g=yes
ac_cv_prog_gcc_traditional=no
ac_cv_prog_make_make_set=yes
ac_cv_target=i686-pc-linux-gnu
am_cv_CC_dependencies_compiler_type=none
am_cv_CXX_dependencies_compiler_type=none
lt_cv_deplibs_check_method=pass_all
lt_cv_file_magic_cmd='$MAGIC_CMD'
lt_cv_file_magic_test_file=
lt_cv_ld_reload_flag=-r
lt_cv_objdir=.libs
lt_cv_path_LD=/usr/bin/ld
lt_cv_path_LDCXX=/usr/bin/ld
lt_cv_path_NM='/usr/bin/nm -B'
lt_cv_path_SED=/bin/sed
lt_cv_prog_compiler_c_o=yes
lt_cv_prog_compiler_c_o_CXX=yes
lt_cv_prog_compiler_c_o_F77=yes
lt_cv_prog_compiler_rtti_exceptions=no
lt_cv_prog_gnu_ld=yes
lt_cv_prog_gnu_ldcxx=yes
lt_cv_sys_global_symbol_pipe='sed -n -e '\''s/^.*[ 	]\([ABCDGIRSTW][ABCDGIRSTW]*\)[ 	][ 	]*\([_A-Za-z][_A-Za-z0-9]*\)$/\1 \2 \2/p'\'''
lt_cv_sys_global_symbol_to_c_name_address='sed -n -e '\''s/^: \([^ ]*\) $/  {\"\1\", (lt_ptr) 0},/p'\'' -e '\''s/^[BCDEGRST] \([^ ]*\) \([^ ]*\)$/  {"\2", (lt_ptr) \&\2},/p'\'''
lt_cv_sys_global_symbol_to_cdecl='sed -n -e '\''s/^. .* \(.*\)$/extern int \1;/p'\'''
lt_cv_sys_max_cmd_len=32768
lt_lt_cv_prog_compiler_c_o='"yes"'
lt_lt_cv_prog_compiler_c_o_CXX='"yes"'
lt_lt_cv_prog_compiler_c_o_F77='"yes"'
lt_lt_cv_sys_global_symbol_pipe='"sed -n -e '\''s/^.*[ 	]\\([ABCDGIRSTW][ABCDGIRSTW]*\\)[ 	][ 	]*\\([_A-Za-z][_A-Za-z0-9]*\\)\$/\\1 \\2 \\2/p'\''"'
lt_lt_cv_sys_global_symbol_to_c_name_address='"sed -n -e '\''s/^: \\([^ ]*\\) \$/  {\\\"\\1\\\", (lt_ptr) 0},/p'\'' -e '\''s/^[BCDEGRST] \\([^ ]*\\) \\([^ ]*\\)\$/  {\"\\2\", (lt_ptr) \\&\\2},/p'\''"'
lt_lt_cv_sys_global_symbol_to_cdecl='"sed -n -e '\''s/^. .* \\(.*\\)\$/extern int \\1;/p'\''"'

## ----------------- ##
## Output variables. ##
## ----------------- ##

ACLOCAL='${SHELL} /home/dharms/WinXP-shared/Sabbatical-2010-2011/Myro-Java/svn/Java/scribbler-rxtx-devel/missing --run aclocal-1.11'
AMDEPBACKSLASH='\'
AMDEP_FALSE='#'
AMDEP_TRUE=''
AMTAR='${SHELL} /home/dharms/WinXP-shared/Sabbatical-2010-2011/Myro-Java/svn/Java/scribbler-rxtx-devel/missing --run tar'
AR='ar'
AUTOCONF='${SHELL} /home/dharms/WinXP-shared/Sabbatical-2010-2011/Myro-Java/svn/Java/scribbler-rxtx-devel/missing --run autoconf'
AUTOHEADER='${SHELL} /home/dharms/WinXP-shared/Sabbatical-2010-2011/Myro-Java/svn/Java/scribbler-rxtx-devel/missing --run autoheader'
AUTOMAKE='${SHELL} /home/dharms/WinXP-shared/Sabbatical-2010-2011/Myro-Java/svn/Java/scribbler-rxtx-devel/missing --run automake-1.11'
AWK='gawk'
CC='gcc'
CCDEPMODE='depmode=none'
CFLAGS='-g -O2 -D_POSIX_SOURCE -D_BSD_SOURCE -D__need_timespec'
CLASSPATH='.:$(TOP):$(TOP)/src:/usr/lib/jvm/java-1.6.0-openjdk-1.6.0.0/jre/lib/ext/RXTXcomm.jar'
COMPILE='cc '
CPP='gcc -E'
CPPFLAGS=''
CXX='g++'
CXXCPP='g++ -E'
CXXDEPMODE='depmode=none'
CXXFLAGS='-g -O2'
CYGPATH_W='echo'
DEFS='-DHAVE_CONFIG_H'
DEPDIR='.deps'
ECHO='echo'
ECHO_C=''
ECHO_N='-n'
ECHO_T=''
EGREP='/bin/grep -E'
EXEEXT=''
EXTENSION='c'
F77='gfortran'
FFLAGS='-g -O2'
GLIBTOOL='$(SHELL) $(TOP)/libtool'
GREP='/bin/grep'
INSTALL_DATA='${INSTALL} -m 644'
INSTALL_PROGRAM='${INSTALL}'
INSTALL_SCRIPT='${INSTALL}'
INSTALL_STRIP_PROGRAM='$(install_sh) -c -s'
JAR='$(JPATH)/bin/jar'
JAVAC='$(JPATH)/bin/javac -classpath $(CLASSPATH) -d $(TOP)/ -O -source 1.3 -target 1.3'
JAVADOC='$(JPATH)/bin/javadoc'
JAVAH='$(JPATH)/bin/javah -classpath $(CLASSPATH) -d $(DEST) -jni'
JAVAH_FIX=''
JAVAINCLUDE='-I$(JAVAINCLUDEDIR)'
JAVAINCLUDEDIR='/usr/lib/jvm/java-1.6.0-openjdk-1.6.0.0/include'
JAVANATINC='-I$(JAVAINCLUDEDIR)/./linux/'
JAVA_CLASS_PATH=''
JAVA_CLASS_VERSION=''
JAVA_HOME=''
JAVA_LIBRARY_PATH=''
JAVA_VENDOR='Sun Microsystems Inc.'
JAVA_VERSION='1.6.0_18'
JHOME='/usr/lib/jvm/java-1.6.0-openjdk-1.6.0.0/jre/lib/ext'
JPATH='/usr/lib/jvm/java-1.6.0-openjdk-1.6.0.0'
LDFLAG=''
LDFLAGS=' -lpthread'
LIBOBJS=''
LIBS=''
LIBTOOL='$(SHELL) $(top_builddir)/libtool'
LIBTOOL_FIX=''
LIB_EXTENSION='la'
LINK='$(GLIBTOOL) --mode=link $(CC) $(CFLAGS) $(LDFLAGS) -release $(VERSION) -o librxtx$*.la -rpath $(RXTX_PATH)'
LN_S='ln -s'
LTLIBOBJS=''
MAINT='#'
MAINTAINER_MODE_FALSE=''
MAINTAINER_MODE_TRUE='#'
MAKEINFO='${SHELL} /home/dharms/WinXP-shared/Sabbatical-2010-2011/Myro-Java/svn/Java/scribbler-rxtx-devel/missing --run makeinfo'
MKDIR_P='/bin/mkdir -p'
OBJECT_EXTENSION='lo'
OBJEXT='o'
OS_ARCH='i386'
OS_NAME='Linux'
OS_VERSION='2.6.32.21-168.fc12.i686.PAE'
PACKAGE='Serial'
PACKAGE_BUGREPORT=''
PACKAGE_NAME=''
PACKAGE_STRING=''
PACKAGE_TARNAME=''
PACKAGE_VERSION=''
PATH_SEPARATOR=':'
RANLIB='ranlib'
RXTX_PATH='$(JPATH)/jre/lib/$(OS_ARCH)'
SET_MAKE=''
SHELL='/bin/sh'
STRIP='strip'
TARGETLIB='$(target_triplet)/librxtxScribblerSerial.la'
THREAD_FLAG=''
TOP='/home/dharms/WinXP-shared/Sabbatical-2010-2011/Myro-Java/svn/Java/scribbler-rxtx-devel'
VERSION='2.2pre1'
WINDOWS_JAVA_INCLUDE=''
XCODE_SELECT='no'
ac_ct_CC='gcc'
ac_ct_CXX='g++'
ac_ct_F77='gfortran'
am__EXEEXT_FALSE=''
am__EXEEXT_TRUE='#'
am__fastdepCC_FALSE=''
am__fastdepCC_TRUE='#'
am__fastdepCXX_FALSE=''
am__fastdepCXX_TRUE='#'
am__include='include'
am__isrc=''
am__leading_dot='.'
am__quote=''
am__tar='${AMTAR} chof - "$$tardir"'
am__untar='${AMTAR} xf -'
bindir='${exec_prefix}/bin'
build='i686-pc-linux-gnu'
build_alias=''
build_cpu='i686'
build_os='linux-gnu'
build_vendor='pc'
datadir='${datarootdir}'
datarootdir='${prefix}/share'
docdir='${datarootdir}/doc/${PACKAGE}'
dvidir='${docdir}'
exec_prefix='${prefix}'
host='i686-pc-linux-gnu'
host_alias=''
host_cpu='i686'
host_os='linux-gnu'
host_vendor='pc'
htmldir='${docdir}'
includedir='${prefix}/include'
infodir='${datarootdir}/info'
install_sh='${SHELL} /home/dharms/WinXP-shared/Sabbatical-2010-2011/Myro-Java/svn/Java/scribbler-rxtx-devel/install-sh'
libdir='${exec_prefix}/lib'
libexecdir='${exec_prefix}/libexec'
localedir='${datarootdir}/locale'
localstatedir='${prefix}/var'
mandir='${datarootdir}/man'
mkdir_p='/bin/mkdir -p'
oldincludedir='/usr/include'
pdfdir='${docdir}'
prefix='/usr/local'
program_transform_name='s,x,x,'
psdir='${docdir}'
sbindir='${exec_prefix}/sbin'
sharedstatedir='${prefix}/com'
sysconfdir='${prefix}/etc'
target='i686-pc-linux-gnu'
target_alias=''
target_cpu='i686'
target_os='linux-gnu'
target_vendor='pc'

## ----------- ##
## confdefs.h. ##
## ----------- ##

#define PACKAGE_NAME ""
#define PACKAGE_TARNAME ""
#define PACKAGE_VERSION ""
#define PACKAGE_STRING ""
#define PACKAGE_BUGREPORT ""
#define STDC_HEADERS 1
#define HAVE_SYS_TYPES_H 1
#define HAVE_SYS_STAT_H 1
#define HAVE_STDLIB_H 1
#define HAVE_STRING_H 1
#define HAVE_MEMORY_H 1
#define HAVE_STRINGS_H 1
#define HAVE_INTTYPES_H 1
#define HAVE_STDINT_H 1
#define HAVE_UNISTD_H 1
#define HAVE_DLFCN_H 1
#define PACKAGE "Serial"
#define VERSION "2.2pre1"
#define HAVE_FCNTL_H 1
#define HAVE_SYS_FCNTL_H 1
#define HAVE_SYS_FILE_H 1
#define HAVE_SYS_TIME_H 1
#define HAVE_SYS_SIGNAL_H 1
#define HAVE_SIGNAL_H 1
#define HAVE_TERMIOS_H 1
#define HAVE_GRP_H 1
#define HAVE_PWD_H 1

configure: exit 0
